<?xml version="1.0" encoding="UTF-8"?>
<testsuite xmlns:xsi="http://www.w3.org/2001/XMLSchema-instance" xsi:noNamespaceSchemaLocation="https://maven.apache.org/surefire/maven-surefire-plugin/xsd/surefire-test-report.xsd" name="com.assignment.tradestorage.TradestorageApplicationTests" time="41.64" tests="5" errors="0" skipped="0" failures="0">
  <properties>
[...]
</properties>
  <testcase name="testTradeValidateAndStore_successful" classname="com.assignment.tradestorage.TradestorageApplicationTests" time="2.644"/>
  <testcase name="testTradeValidateAndStoreWhenOldVersion" classname="com.assignment.tradestorage.TradestorageApplicationTests" time="0.081"/>
  <testcase name="testTradeValidateAndStoreWhenSameVersionTrade" classname="com.assignment.tradestorage.TradestorageApplicationTests" time="0.145"/>
  <testcase name="contextLoads" classname="com.assignment.tradestorage.TradestorageApplicationTests" time="0.03"/>
  <testcase name="testTradeValidateAndStoreWhenMaturityDatePast" classname="com.assignment.tradestorage.TradestorageApplicationTests" time="0.036"/>
</testsuite>